<?xml version="1.0" encoding="UTF-8"?>
<!-- Generated by org.testng.reporters.JUnitReportReporter -->
<testsuite hostname="LAPTOP-7TR7NGPB" failures="0" tests="1" name="databaseJDBC.select" time="0.235" errors="0" timestamp="2023-09-05T07:58:01 AEST" skipped="0">
  <testcase classname="databaseJDBC.select" name="select" time="0.235"/>
  <system-out/>
</testsuite> <!-- databaseJDBC.select -->
