<?xml version="1.0" encoding="UTF-8"?>
<!-- Generated by org.testng.reporters.JUnitReportReporter -->
<testsuite hostname="LAPTOP-7TR7NGPB" failures="0" tests="1" name="productvtiger.CreateProduct" time="17.413" errors="0" timestamp="2023-09-05T08:01:04 AEST" skipped="0">
  <testcase classname="productvtiger.CreateProduct" name="createProduct" time="17.413"/>
  <system-out/>
</testsuite> <!-- productvtiger.CreateProduct -->
