<?xml version="1.0" encoding="UTF-8"?>
<!-- Generated by org.testng.reporters.JUnitReportReporter -->
<testsuite hostname="LAPTOP-7TR7NGPB" failures="0" tests="1" name="Organization.CreateOrganization" time="19.254" errors="0" timestamp="2023-09-05T08:00:01 AEST" skipped="0">
  <testcase classname="Organization.CreateOrganization" name="createOrganization" time="19.254"/>
  <system-out/>
</testsuite> <!-- Organization.CreateOrganization -->
