<?xml version="1.0" encoding="UTF-8"?>
<!-- Generated by org.testng.reporters.JUnitReportReporter -->
<testsuite hostname="LAPTOP-7TR7NGPB" failures="0" tests="1" name="Campaignvtiger.CreateCamapign" time="19.232" errors="0" timestamp="2023-09-05T07:52:11 AEST" skipped="0">
  <testcase classname="Campaignvtiger.CreateCamapign" name="createCampaign" time="19.232"/>
  <system-out/>
</testsuite> <!-- Campaignvtiger.CreateCamapign -->
