<?xml version="1.0" encoding="UTF-8"?>
<!-- Generated by org.testng.reporters.JUnitReportReporter -->
<testsuite hostname="LAPTOP-7TR7NGPB" failures="0" tests="1" name="databaseJDBC.Insertdata" time="0.225" errors="0" timestamp="2023-09-05T07:56:46 AEST" skipped="0">
  <testcase classname="databaseJDBC.Insertdata" name="insertdata" time="0.225"/>
  <system-out/>
</testsuite> <!-- databaseJDBC.Insertdata -->
