<?xml version="1.0" encoding="UTF-8"?>
<!-- Generated by org.testng.reporters.JUnitReportReporter -->
<testsuite hostname="LAPTOP-7TR7NGPB" failures="0" tests="1" name="databaseJDBC.DatabaseJdbcConnection" time="0.280" errors="0" timestamp="2023-09-05T07:55:22 AEST" skipped="0">
  <testcase classname="databaseJDBC.DatabaseJdbcConnection" name="databaseJdbcConnection" time="0.280"/>
  <system-out/>
</testsuite> <!-- databaseJDBC.DatabaseJdbcConnection -->
